!SESSION 2022-03-23 17:27:52.442 -----------------------------------------------
eclipse.buildId=unknown
java.fullversion=8.0.5.41 - pxa6480sr5fp41-20190919_01(SR5 FP41)
JRE 1.8.0 Linux amd64-64-Bit Compressed References 20190911_427071 (JIT enabled, AOT enabled)
OpenJ9   - d581d49
OMR      - ca4db84
IBM      - 5cfdf9c
BootLoader constants: OS=linux, ARCH=x86_64, WS=gtk, NL=en_US
Command-line arguments:  -clean -nl en_US -configuration /home/yue/MPRO/RODD/RODD/TP7/.metadata/workspace_oplrun

!ENTRY ilog.odms.ide.opllang.remote 1 0 2022-03-23 17:27:52.530
!MESSAGE Run Configuration1 in /home/yue/MPRO/RODD/RODD/TP7/OPLTP7
!SESSION 2022-03-23 17:30:16.445 -----------------------------------------------
eclipse.buildId=unknown
java.fullversion=8.0.5.41 - pxa6480sr5fp41-20190919_01(SR5 FP41)
JRE 1.8.0 Linux amd64-64-Bit Compressed References 20190911_427071 (JIT enabled, AOT enabled)
OpenJ9   - d581d49
OMR      - ca4db84
IBM      - 5cfdf9c
BootLoader constants: OS=linux, ARCH=x86_64, WS=gtk, NL=en_US
Command-line arguments:  -clean -nl en_US -configuration /home/yue/MPRO/RODD/RODD/TP7/.metadata/workspace_oplrun

!ENTRY ilog.odms.ide.opllang.remote 1 0 2022-03-23 17:30:16.504
!MESSAGE Run Configuration1 in /home/yue/MPRO/RODD/RODD/TP7/OPLTP7
!SESSION 2022-03-23 17:31:48.334 -----------------------------------------------
eclipse.buildId=unknown
java.fullversion=8.0.5.41 - pxa6480sr5fp41-20190919_01(SR5 FP41)
JRE 1.8.0 Linux amd64-64-Bit Compressed References 20190911_427071 (JIT enabled, AOT enabled)
OpenJ9   - d581d49
OMR      - ca4db84
IBM      - 5cfdf9c
BootLoader constants: OS=linux, ARCH=x86_64, WS=gtk, NL=en_US
Command-line arguments:  -clean -nl en_US -configuration /home/yue/MPRO/RODD/RODD/TP7/.metadata/workspace_oplrun

!ENTRY ilog.odms.ide.opllang.remote 1 0 2022-03-23 17:31:48.408
!MESSAGE Run Configuration1 in /home/yue/MPRO/RODD/RODD/TP7/OPLTP7
!SESSION 2022-03-23 17:37:11.228 -----------------------------------------------
eclipse.buildId=unknown
java.fullversion=8.0.5.41 - pxa6480sr5fp41-20190919_01(SR5 FP41)
JRE 1.8.0 Linux amd64-64-Bit Compressed References 20190911_427071 (JIT enabled, AOT enabled)
OpenJ9   - d581d49
OMR      - ca4db84
IBM      - 5cfdf9c
BootLoader constants: OS=linux, ARCH=x86_64, WS=gtk, NL=en_US
Command-line arguments:  -clean -nl en_US -configuration /home/yue/MPRO/RODD/RODD/TP7/.metadata/workspace_oplrun

!ENTRY ilog.odms.ide.opllang.remote 1 0 2022-03-23 17:37:11.287
!MESSAGE Run Configuration1 in /home/yue/MPRO/RODD/RODD/TP7/OPLTP7
!SESSION 2022-03-23 17:39:53.362 -----------------------------------------------
eclipse.buildId=unknown
java.fullversion=8.0.5.41 - pxa6480sr5fp41-20190919_01(SR5 FP41)
JRE 1.8.0 Linux amd64-64-Bit Compressed References 20190911_427071 (JIT enabled, AOT enabled)
OpenJ9   - d581d49
OMR      - ca4db84
IBM      - 5cfdf9c
BootLoader constants: OS=linux, ARCH=x86_64, WS=gtk, NL=en_US
Command-line arguments:  -clean -nl en_US -configuration /home/yue/MPRO/RODD/RODD/TP7/.metadata/workspace_oplrun

!ENTRY ilog.odms.ide.opllang.remote 1 0 2022-03-23 17:39:53.433
!MESSAGE Run Configuration1 in /home/yue/MPRO/RODD/RODD/TP7/OPLTP7
!SESSION 2022-03-23 17:40:37.773 -----------------------------------------------
eclipse.buildId=unknown
java.fullversion=8.0.5.41 - pxa6480sr5fp41-20190919_01(SR5 FP41)
JRE 1.8.0 Linux amd64-64-Bit Compressed References 20190911_427071 (JIT enabled, AOT enabled)
OpenJ9   - d581d49
OMR      - ca4db84
IBM      - 5cfdf9c
BootLoader constants: OS=linux, ARCH=x86_64, WS=gtk, NL=en_US
Command-line arguments:  -clean -nl en_US -configuration /home/yue/MPRO/RODD/RODD/TP7/.metadata/workspace_oplrun

!ENTRY ilog.odms.ide.opllang.remote 1 0 2022-03-23 17:40:37.883
!MESSAGE Run Configuration1 in /home/yue/MPRO/RODD/RODD/TP7/OPLTP7
!SESSION 2022-03-23 17:43:18.125 -----------------------------------------------
eclipse.buildId=unknown
java.fullversion=8.0.5.41 - pxa6480sr5fp41-20190919_01(SR5 FP41)
JRE 1.8.0 Linux amd64-64-Bit Compressed References 20190911_427071 (JIT enabled, AOT enabled)
OpenJ9   - d581d49
OMR      - ca4db84
IBM      - 5cfdf9c
BootLoader constants: OS=linux, ARCH=x86_64, WS=gtk, NL=en_US
Command-line arguments:  -clean -nl en_US -configuration /home/yue/MPRO/RODD/RODD/TP7/.metadata/workspace_oplrun

!ENTRY ilog.odms.ide.opllang.remote 1 0 2022-03-23 17:43:18.179
!MESSAGE Run Configuration1 in /home/yue/MPRO/RODD/RODD/TP7/OPLTP7
!SESSION 2022-03-23 17:44:02.587 -----------------------------------------------
eclipse.buildId=unknown
java.fullversion=8.0.5.41 - pxa6480sr5fp41-20190919_01(SR5 FP41)
JRE 1.8.0 Linux amd64-64-Bit Compressed References 20190911_427071 (JIT enabled, AOT enabled)
OpenJ9   - d581d49
OMR      - ca4db84
IBM      - 5cfdf9c
BootLoader constants: OS=linux, ARCH=x86_64, WS=gtk, NL=en_US
Command-line arguments:  -clean -nl en_US -configuration /home/yue/MPRO/RODD/RODD/TP7/.metadata/workspace_oplrun

!ENTRY ilog.odms.ide.opllang.remote 1 0 2022-03-23 17:44:02.648
!MESSAGE Run Configuration1 in /home/yue/MPRO/RODD/RODD/TP7/OPLTP7
!SESSION 2022-03-23 17:45:12.664 -----------------------------------------------
eclipse.buildId=unknown
java.fullversion=8.0.5.41 - pxa6480sr5fp41-20190919_01(SR5 FP41)
JRE 1.8.0 Linux amd64-64-Bit Compressed References 20190911_427071 (JIT enabled, AOT enabled)
OpenJ9   - d581d49
OMR      - ca4db84
IBM      - 5cfdf9c
BootLoader constants: OS=linux, ARCH=x86_64, WS=gtk, NL=en_US
Command-line arguments:  -clean -nl en_US -configuration /home/yue/MPRO/RODD/RODD/TP7/.metadata/workspace_oplrun

!ENTRY ilog.odms.ide.opllang.remote 1 0 2022-03-23 17:45:12.714
!MESSAGE Run Configuration1 in /home/yue/MPRO/RODD/RODD/TP7/OPLTP7
!SESSION 2022-03-23 17:45:43.217 -----------------------------------------------
eclipse.buildId=unknown
java.fullversion=8.0.5.41 - pxa6480sr5fp41-20190919_01(SR5 FP41)
JRE 1.8.0 Linux amd64-64-Bit Compressed References 20190911_427071 (JIT enabled, AOT enabled)
OpenJ9   - d581d49
OMR      - ca4db84
IBM      - 5cfdf9c
BootLoader constants: OS=linux, ARCH=x86_64, WS=gtk, NL=en_US
Command-line arguments:  -clean -nl en_US -configuration /home/yue/MPRO/RODD/RODD/TP7/.metadata/workspace_oplrun

!ENTRY ilog.odms.ide.opllang.remote 1 0 2022-03-23 17:45:43.267
!MESSAGE Run Configuration1 in /home/yue/MPRO/RODD/RODD/TP7/OPLTP7
!SESSION 2022-03-23 17:46:23.377 -----------------------------------------------
eclipse.buildId=unknown
java.fullversion=8.0.5.41 - pxa6480sr5fp41-20190919_01(SR5 FP41)
JRE 1.8.0 Linux amd64-64-Bit Compressed References 20190911_427071 (JIT enabled, AOT enabled)
OpenJ9   - d581d49
OMR      - ca4db84
IBM      - 5cfdf9c
BootLoader constants: OS=linux, ARCH=x86_64, WS=gtk, NL=en_US
Command-line arguments:  -clean -nl en_US -configuration /home/yue/MPRO/RODD/RODD/TP7/.metadata/workspace_oplrun

!ENTRY ilog.odms.ide.opllang.remote 1 0 2022-03-23 17:46:23.451
!MESSAGE Run Configuration1 in /home/yue/MPRO/RODD/RODD/TP7/OPLTP7
!SESSION 2022-03-23 17:54:45.738 -----------------------------------------------
eclipse.buildId=unknown
java.fullversion=8.0.5.41 - pxa6480sr5fp41-20190919_01(SR5 FP41)
JRE 1.8.0 Linux amd64-64-Bit Compressed References 20190911_427071 (JIT enabled, AOT enabled)
OpenJ9   - d581d49
OMR      - ca4db84
IBM      - 5cfdf9c
BootLoader constants: OS=linux, ARCH=x86_64, WS=gtk, NL=en_US
Command-line arguments:  -clean -nl en_US -configuration /home/yue/MPRO/RODD/RODD/TP7/.metadata/workspace_oplrun

!ENTRY ilog.odms.ide.opllang.remote 1 0 2022-03-23 17:54:45.825
!MESSAGE Run Configuration1 in /home/yue/MPRO/RODD/RODD/TP7/OPLTP7
!SESSION 2022-03-23 17:55:36.725 -----------------------------------------------
eclipse.buildId=unknown
java.fullversion=8.0.5.41 - pxa6480sr5fp41-20190919_01(SR5 FP41)
JRE 1.8.0 Linux amd64-64-Bit Compressed References 20190911_427071 (JIT enabled, AOT enabled)
OpenJ9   - d581d49
OMR      - ca4db84
IBM      - 5cfdf9c
BootLoader constants: OS=linux, ARCH=x86_64, WS=gtk, NL=en_US
Command-line arguments:  -clean -nl en_US -configuration /home/yue/MPRO/RODD/RODD/TP7/.metadata/workspace_oplrun

!ENTRY ilog.odms.ide.opllang.remote 1 0 2022-03-23 17:55:36.790
!MESSAGE Run Configuration1 in /home/yue/MPRO/RODD/RODD/TP7/OPLTP7
!SESSION 2022-03-23 18:00:21.427 -----------------------------------------------
eclipse.buildId=unknown
java.fullversion=8.0.5.41 - pxa6480sr5fp41-20190919_01(SR5 FP41)
JRE 1.8.0 Linux amd64-64-Bit Compressed References 20190911_427071 (JIT enabled, AOT enabled)
OpenJ9   - d581d49
OMR      - ca4db84
IBM      - 5cfdf9c
BootLoader constants: OS=linux, ARCH=x86_64, WS=gtk, NL=en_US
Command-line arguments:  -clean -nl en_US -configuration /home/yue/MPRO/RODD/RODD/TP7/.metadata/workspace_oplrun

!ENTRY ilog.odms.ide.opllang.remote 1 0 2022-03-23 18:00:21.519
!MESSAGE Run Configuration1 in /home/yue/MPRO/RODD/RODD/TP7/OPLTP7
!SESSION 2022-03-23 18:03:04.551 -----------------------------------------------
eclipse.buildId=unknown
java.fullversion=8.0.5.41 - pxa6480sr5fp41-20190919_01(SR5 FP41)
JRE 1.8.0 Linux amd64-64-Bit Compressed References 20190911_427071 (JIT enabled, AOT enabled)
OpenJ9   - d581d49
OMR      - ca4db84
IBM      - 5cfdf9c
BootLoader constants: OS=linux, ARCH=x86_64, WS=gtk, NL=en_US
Command-line arguments:  -clean -nl en_US -configuration /home/yue/MPRO/RODD/RODD/TP7/.metadata/workspace_oplrun

!ENTRY ilog.odms.ide.opllang.remote 1 0 2022-03-23 18:03:04.598
!MESSAGE Run Configuration1 in /home/yue/MPRO/RODD/RODD/TP7/OPLTP7
!SESSION 2022-03-26 14:50:23.485 -----------------------------------------------
eclipse.buildId=unknown
java.fullversion=8.0.5.41 - pxa6480sr5fp41-20190919_01(SR5 FP41)
JRE 1.8.0 Linux amd64-64-Bit Compressed References 20190911_427071 (JIT enabled, AOT enabled)
OpenJ9   - d581d49
OMR      - ca4db84
IBM      - 5cfdf9c
BootLoader constants: OS=linux, ARCH=x86_64, WS=gtk, NL=en_US
Command-line arguments:  -clean -nl en_US -configuration /home/yue/MPRO/RODD/RODD/TP7/.metadata/workspace_oplrun

!ENTRY ilog.odms.ide.opllang.remote 1 0 2022-03-26 14:50:23.513
!MESSAGE Run Configuration1 in /home/yue/MPRO/RODD/RODD/TP7/OPLTP7
!SESSION 2022-03-26 14:53:33.456 -----------------------------------------------
eclipse.buildId=unknown
java.fullversion=8.0.5.41 - pxa6480sr5fp41-20190919_01(SR5 FP41)
JRE 1.8.0 Linux amd64-64-Bit Compressed References 20190911_427071 (JIT enabled, AOT enabled)
OpenJ9   - d581d49
OMR      - ca4db84
IBM      - 5cfdf9c
BootLoader constants: OS=linux, ARCH=x86_64, WS=gtk, NL=en_US
Command-line arguments:  -clean -nl en_US -configuration /home/yue/MPRO/RODD/RODD/TP7/.metadata/workspace_oplrun

!ENTRY ilog.odms.ide.opllang.remote 1 0 2022-03-26 14:53:33.473
!MESSAGE Run Configuration1 in /home/yue/MPRO/RODD/RODD/TP7/OPLTP7
